Using pre-set license
Built from '2020.3/release' branch; Version is '2020.3.7f1 (dd97f2c94397) revision 14522354'; Using compiler version '192528614'; Build Type 'Release'
OS: 'Windows 10 Pro; OS build 19043.1237; Version 2009; 64bit' Language: 'ru' Physical Memory: 16313 MB
BatchMode: 1, IsHumanControllingUs: 0, StartBugReporterOnCrash: 0, Is64bit: 1, IsPro: 0

 COMMAND LINE ARGUMENTS:
E:\Unity\2020.3.7f1\Editor\Unity.exe
-adb2
-batchMode
-noUpm
-name
AssetImportWorker1
-projectPath
D:/гшп/TestPanzerGame
-logFile
Logs/AssetImportWorker1.log
-srvPort
58221
Successfully changed project path to: D:/гшп/TestPanzerGame
D:/гшп/TestPanzerGame
Using Asset Import Pipeline V2.
Refreshing native plugins compatible for Editor in 27.42 ms, found 0 plugins.
Preloading 0 native plugins for Editor in 0.00 ms.
Initialize engine version: 2020.3.7f1 (dd97f2c94397)
[Subsystems] Discovering subsystems at path E:/Unity/2020.3.7f1/Editor/Data/Resources/UnitySubsystems
[Subsystems] Discovering subsystems at path D:/гшп/TestPanzerGame/Assets
GfxDevice: creating device client; threaded=0
Direct3D:
    Version:  Direct3D 11.0 [level 11.1]
    Renderer: NVIDIA GeForce GTX 1070 (ID=0x1b81)
    Vendor:   
    VRAM:     8088 MB
    Driver:   27.21.14.6192
Initialize mono
Mono path[0] = 'E:/Unity/2020.3.7f1/Editor/Data/Managed'
Mono path[1] = 'E:/Unity/2020.3.7f1/Editor/Data/MonoBleedingEdge/lib/mono/unityjit'
Mono config path = 'E:/Unity/2020.3.7f1/Editor/Data/MonoBleedingEdge/etc'
Using monoOptions --debugger-agent=transport=dt_socket,embedding=1,server=y,suspend=n,address=127.0.0.1:56196
Begin MonoManager ReloadAssembly
Registering precompiled unity dll's ...
Register platform support module: E:/Unity/2020.3.7f1/Editor/Data/PlaybackEngines/WindowsStandaloneSupport/UnityEditor.WindowsStandalone.Extensions.dll
Registered in 0.001321 seconds.
Native extension for WindowsStandalone target not found
Refreshing native plugins compatible for Editor in 27.58 ms, found 0 plugins.
Preloading 0 native plugins for Editor in 0.00 ms.
Mono: successfully reloaded assembly
- Completed reload, in  2.164 seconds
Platform modules already initialized, skipping
Registering precompiled user dll's ...
Registered in 0.000782 seconds.
Begin MonoManager ReloadAssembly
Native extension for WindowsStandalone target not found
Refreshing native plugins compatible for Editor in 0.42 ms, found 0 plugins.
Preloading 0 native plugins for Editor in 0.00 ms.
Mono: successfully reloaded assembly
- Completed reload, in  1.165 seconds
Platform modules already initialized, skipping
========================================================================
Worker process is ready to serve import requests
Launched and connected shader compiler UnityShaderCompiler.exe after 0.07 seconds
Refreshing native plugins compatible for Editor in 0.24 ms, found 0 plugins.
Preloading 0 native plugins for Editor in 0.00 ms.
Unloading 1120 Unused Serialized files (Serialized files now loaded: 0)
System memory in use before: 57.4 MB.
System memory in use after: 57.4 MB.

Unloading 10 unused Assets to reduce memory usage. Loaded Objects now: 1562.
Total: 1.943700 ms (FindLiveObjects: 0.164100 ms CreateObjectMapping: 0.028800 ms MarkObjects: 1.656100 ms  DeleteObjects: 0.093100 ms)

========================================================================
Received Import Request.
  path: Assets/Models
  artifactKey: Guid(a5df998ff874f8847ae52c7f99efe12f) Importer(815301076,1909f56bfc062723c751e8b465ee728b)
Start importing Assets/Models using Guid(a5df998ff874f8847ae52c7f99efe12f) Importer(815301076,1909f56bfc062723c751e8b465ee728b)  -> (artifact id: '623c0d7f1fe9b975a7bf7e7a9ea2df9e') in 0.012482 seconds
  Import took 0.014630 seconds .

========================================================================
Received Prepare
Registering precompiled user dll's ...
Registered in 0.000666 seconds.
Begin MonoManager ReloadAssembly
Native extension for WindowsStandalone target not found
Refreshing native plugins compatible for Editor in 0.26 ms, found 0 plugins.
Preloading 0 native plugins for Editor in 0.00 ms.
Mono: successfully reloaded assembly
- Completed reload, in  1.015 seconds
Platform modules already initialized, skipping
Refreshing native plugins compatible for Editor in 0.25 ms, found 0 plugins.
Preloading 0 native plugins for Editor in 0.00 ms.
Unloading 1115 Unused Serialized files (Serialized files now loaded: 0)
System memory in use before: 57.3 MB.
System memory in use after: 57.4 MB.

Unloading 5 unused Assets to reduce memory usage. Loaded Objects now: 1565.
Total: 1.975000 ms (FindLiveObjects: 0.189700 ms CreateObjectMapping: 0.039000 ms MarkObjects: 1.670600 ms  DeleteObjects: 0.073900 ms)

========================================================================
Received Import Request.
  Time since last request: 53.029038 seconds.
  path: Assets/Prefab/Panzer.prefab
  artifactKey: Guid(b78bf6969bc3e6e4a9969022c5c35960) Importer(815301076,1909f56bfc062723c751e8b465ee728b)
Start importing Assets/Prefab/Panzer.prefab using Guid(b78bf6969bc3e6e4a9969022c5c35960) Importer(815301076,1909f56bfc062723c751e8b465ee728b)  -> (artifact id: '8f07a604b3a0b1a8c3b18a07af7aa1ac') in 0.138844 seconds
  Import took 0.141779 seconds .

========================================================================
Received Import Request.
  Time since last request: 33.172398 seconds.
  path: Assets/Prefab/Panzer.prefab
  artifactKey: Guid(b78bf6969bc3e6e4a9969022c5c35960) Importer(815301076,1909f56bfc062723c751e8b465ee728b)
Start importing Assets/Prefab/Panzer.prefab using Guid(b78bf6969bc3e6e4a9969022c5c35960) Importer(815301076,1909f56bfc062723c751e8b465ee728b)  -> (artifact id: 'a22018f853a532d28471aca05527b0c1') in 0.016947 seconds
  Import took 0.019212 seconds .

========================================================================
Received Import Request.
  Time since last request: 0.576762 seconds.
  path: Assets/Prefab/Panzer.prefab
  artifactKey: Guid(b78bf6969bc3e6e4a9969022c5c35960) Importer(815301076,1909f56bfc062723c751e8b465ee728b)
Start importing Assets/Prefab/Panzer.prefab using Guid(b78bf6969bc3e6e4a9969022c5c35960) Importer(815301076,1909f56bfc062723c751e8b465ee728b)  -> (artifact id: '8e3bcf3bb567e3c8669c5bfbb7b7fef9') in 0.015650 seconds
  Import took 0.018421 seconds .

========================================================================
Received Import Request.
  Time since last request: 0.793162 seconds.
  path: Assets/Prefab/Panzer.prefab
  artifactKey: Guid(b78bf6969bc3e6e4a9969022c5c35960) Importer(815301076,1909f56bfc062723c751e8b465ee728b)
Start importing Assets/Prefab/Panzer.prefab using Guid(b78bf6969bc3e6e4a9969022c5c35960) Importer(815301076,1909f56bfc062723c751e8b465ee728b)  -> (artifact id: 'cd145a693e3ba3b4621e0f2417ae51e8') in 0.013954 seconds
  Import took 0.016625 seconds .

========================================================================
Received Import Request.
  Time since last request: 19.371194 seconds.
  path: Assets/Prefab/Panzer.prefab
  artifactKey: Guid(b78bf6969bc3e6e4a9969022c5c35960) Importer(815301076,1909f56bfc062723c751e8b465ee728b)
Start importing Assets/Prefab/Panzer.prefab using Guid(b78bf6969bc3e6e4a9969022c5c35960) Importer(815301076,1909f56bfc062723c751e8b465ee728b)  -> (artifact id: '209d9891ba2099d4db072d6b4fdddae7') in 0.022218 seconds
  Import took 0.024930 seconds .

========================================================================
Received Import Request.
  Time since last request: 6.021259 seconds.
  path: Assets/Prefab/Panzer.prefab
  artifactKey: Guid(b78bf6969bc3e6e4a9969022c5c35960) Importer(815301076,1909f56bfc062723c751e8b465ee728b)
Start importing Assets/Prefab/Panzer.prefab using Guid(b78bf6969bc3e6e4a9969022c5c35960) Importer(815301076,1909f56bfc062723c751e8b465ee728b)  -> (artifact id: 'ef8e546833cd2c0ce838004e9d1733cf') in 0.013460 seconds
  Import took 0.015795 seconds .

========================================================================
Received Prepare
Registering precompiled user dll's ...
Registered in 0.000785 seconds.
Begin MonoManager ReloadAssembly
Native extension for WindowsStandalone target not found
Refreshing native plugins compatible for Editor in 0.28 ms, found 0 plugins.
Preloading 0 native plugins for Editor in 0.00 ms.
Mono: successfully reloaded assembly
- Completed reload, in  1.006 seconds
Platform modules already initialized, skipping
Refreshing native plugins compatible for Editor in 0.24 ms, found 0 plugins.
Preloading 0 native plugins for Editor in 0.00 ms.
Unloading 1115 Unused Serialized files (Serialized files now loaded: 0)
System memory in use before: 60.4 MB.
System memory in use after: 60.5 MB.

Unloading 5 unused Assets to reduce memory usage. Loaded Objects now: 1575.
Total: 2.296900 ms (FindLiveObjects: 0.191200 ms CreateObjectMapping: 0.041000 ms MarkObjects: 1.990500 ms  DeleteObjects: 0.072500 ms)

========================================================================
Received Prepare
Registering precompiled user dll's ...
Registered in 0.000974 seconds.
Begin MonoManager ReloadAssembly
Native extension for WindowsStandalone target not found
Refreshing native plugins compatible for Editor in 0.25 ms, found 0 plugins.
Preloading 0 native plugins for Editor in 0.00 ms.
Mono: successfully reloaded assembly
- Completed reload, in  1.194 seconds
Platform modules already initialized, skipping
Refreshing native plugins compatible for Editor in 0.23 ms, found 0 plugins.
Preloading 0 native plugins for Editor in 0.00 ms.
Unloading 1115 Unused Serialized files (Serialized files now loaded: 0)
System memory in use before: 60.4 MB.
System memory in use after: 60.5 MB.

Unloading 5 unused Assets to reduce memory usage. Loaded Objects now: 1578.
Total: 2.159700 ms (FindLiveObjects: 0.160600 ms CreateObjectMapping: 0.027600 ms MarkObjects: 1.903000 ms  DeleteObjects: 0.067100 ms)

========================================================================
Received Import Request.
  Time since last request: 308.237971 seconds.
  path: Assets/Prefab/Panzer.prefab
  artifactKey: Guid(b78bf6969bc3e6e4a9969022c5c35960) Importer(815301076,1909f56bfc062723c751e8b465ee728b)
Start importing Assets/Prefab/Panzer.prefab using Guid(b78bf6969bc3e6e4a9969022c5c35960) Importer(815301076,1909f56bfc062723c751e8b465ee728b)  -> (artifact id: '3efec238ded08c532a5f70ae6007fcb9') in 0.075301 seconds
  Import took 0.077684 seconds .

========================================================================
Received Import Request.
  Time since last request: 2.062918 seconds.
  path: Assets/Prefab/Panzer.prefab
  artifactKey: Guid(b78bf6969bc3e6e4a9969022c5c35960) Importer(815301076,1909f56bfc062723c751e8b465ee728b)
Start importing Assets/Prefab/Panzer.prefab using Guid(b78bf6969bc3e6e4a9969022c5c35960) Importer(815301076,1909f56bfc062723c751e8b465ee728b)  -> (artifact id: '00c2211a56e519de5108b41b70960ff2') in 0.012347 seconds
  Import took 0.015369 seconds .

========================================================================
Received Import Request.
  Time since last request: 2.177607 seconds.
  path: Assets/Prefab/Panzer.prefab
  artifactKey: Guid(b78bf6969bc3e6e4a9969022c5c35960) Importer(815301076,1909f56bfc062723c751e8b465ee728b)
Start importing Assets/Prefab/Panzer.prefab using Guid(b78bf6969bc3e6e4a9969022c5c35960) Importer(815301076,1909f56bfc062723c751e8b465ee728b)  -> (artifact id: 'c571ad84bc6fc335f759982391cdf5c9') in 0.011669 seconds
  Import took 0.014283 seconds .

========================================================================
Received Import Request.
  Time since last request: 2.058825 seconds.
  path: Assets/Prefab/Panzer.prefab
  artifactKey: Guid(b78bf6969bc3e6e4a9969022c5c35960) Importer(815301076,1909f56bfc062723c751e8b465ee728b)
Start importing Assets/Prefab/Panzer.prefab using Guid(b78bf6969bc3e6e4a9969022c5c35960) Importer(815301076,1909f56bfc062723c751e8b465ee728b)  -> (artifact id: 'f925da00ddaed2e076f2755fb8a126ca') in 0.019778 seconds
  Import took 0.023264 seconds .

========================================================================
Received Import Request.
  Time since last request: 7.967943 seconds.
  path: Assets/Prefab/Panzer.prefab
  artifactKey: Guid(b78bf6969bc3e6e4a9969022c5c35960) Importer(815301076,1909f56bfc062723c751e8b465ee728b)
Start importing Assets/Prefab/Panzer.prefab using Guid(b78bf6969bc3e6e4a9969022c5c35960) Importer(815301076,1909f56bfc062723c751e8b465ee728b)  -> (artifact id: '8e24c1d86b0a34461008fd515aa9e7d0') in 0.020372 seconds
  Import took 0.022884 seconds .

========================================================================
Received Import Request.
  Time since last request: 2.494146 seconds.
  path: Assets/Prefab/Panzer.prefab
  artifactKey: Guid(b78bf6969bc3e6e4a9969022c5c35960) Importer(815301076,1909f56bfc062723c751e8b465ee728b)
Start importing Assets/Prefab/Panzer.prefab using Guid(b78bf6969bc3e6e4a9969022c5c35960) Importer(815301076,1909f56bfc062723c751e8b465ee728b)  -> (artifact id: 'dcf24d6b125abf8dde372d4c8c6f4c08') in 0.014552 seconds
  Import took 0.017127 seconds .

========================================================================
Received Import Request.
  Time since last request: 1.805010 seconds.
  path: Assets/Prefab/Panzer.prefab
  artifactKey: Guid(b78bf6969bc3e6e4a9969022c5c35960) Importer(815301076,1909f56bfc062723c751e8b465ee728b)
Start importing Assets/Prefab/Panzer.prefab using Guid(b78bf6969bc3e6e4a9969022c5c35960) Importer(815301076,1909f56bfc062723c751e8b465ee728b)  -> (artifact id: '6fdc278c439597c8993dca7c1f4302e2') in 0.009426 seconds
  Import took 0.012184 seconds .

========================================================================
Received Import Request.
  Time since last request: 5.652779 seconds.
  path: Assets/Prefab/Panzer.prefab
  artifactKey: Guid(b78bf6969bc3e6e4a9969022c5c35960) Importer(815301076,1909f56bfc062723c751e8b465ee728b)
Start importing Assets/Prefab/Panzer.prefab using Guid(b78bf6969bc3e6e4a9969022c5c35960) Importer(815301076,1909f56bfc062723c751e8b465ee728b)  -> (artifact id: 'e1bdff3db979429a275e4fda385cf9bf') in 0.018318 seconds
  Import took 0.021603 seconds .

========================================================================
Received Import Request.
  Time since last request: 25.395858 seconds.
  path: Assets/Prefab/Panzer.prefab
  artifactKey: Guid(b78bf6969bc3e6e4a9969022c5c35960) Importer(815301076,1909f56bfc062723c751e8b465ee728b)
Start importing Assets/Prefab/Panzer.prefab using Guid(b78bf6969bc3e6e4a9969022c5c35960) Importer(815301076,1909f56bfc062723c751e8b465ee728b)  -> (artifact id: 'd5beb8510addf9bf45bd002e4a84a588') in 0.012712 seconds
  Import took 0.015012 seconds .

========================================================================
Received Import Request.
  Time since last request: 1.996059 seconds.
  path: Assets/Prefab/Panzer.prefab
  artifactKey: Guid(b78bf6969bc3e6e4a9969022c5c35960) Importer(815301076,1909f56bfc062723c751e8b465ee728b)
Start importing Assets/Prefab/Panzer.prefab using Guid(b78bf6969bc3e6e4a9969022c5c35960) Importer(815301076,1909f56bfc062723c751e8b465ee728b)  -> (artifact id: 'e7173bb9ba1354c3ae20ccbc95cc49c7') in 0.011156 seconds
  Import took 0.013476 seconds .

========================================================================
Received Prepare
Registering precompiled user dll's ...
Registered in 0.000659 seconds.
Begin MonoManager ReloadAssembly
Native extension for WindowsStandalone target not found
Refreshing native plugins compatible for Editor in 0.24 ms, found 0 plugins.
Preloading 0 native plugins for Editor in 0.00 ms.
Mono: successfully reloaded assembly
- Completed reload, in  0.995 seconds
Platform modules already initialized, skipping
Refreshing native plugins compatible for Editor in 0.29 ms, found 0 plugins.
Preloading 0 native plugins for Editor in 0.00 ms.
Unloading 1115 Unused Serialized files (Serialized files now loaded: 0)
System memory in use before: 60.5 MB.
System memory in use after: 60.6 MB.

Unloading 6 unused Assets to reduce memory usage. Loaded Objects now: 1583.
Total: 2.025700 ms (FindLiveObjects: 0.182600 ms CreateObjectMapping: 0.038700 ms MarkObjects: 1.732200 ms  DeleteObjects: 0.070500 ms)

========================================================================
Received Prepare
Registering precompiled user dll's ...
Registered in 0.000780 seconds.
Begin MonoManager ReloadAssembly
Native extension for WindowsStandalone target not found
Refreshing native plugins compatible for Editor in 0.26 ms, found 0 plugins.
Preloading 0 native plugins for Editor in 0.00 ms.
Mono: successfully reloaded assembly
- Completed reload, in  0.979 seconds
Platform modules already initialized, skipping
Refreshing native plugins compatible for Editor in 0.24 ms, found 0 plugins.
Preloading 0 native plugins for Editor in 0.00 ms.
Unloading 1115 Unused Serialized files (Serialized files now loaded: 0)
System memory in use before: 60.5 MB.
System memory in use after: 60.6 MB.

Unloading 5 unused Assets to reduce memory usage. Loaded Objects now: 1586.
Total: 2.057700 ms (FindLiveObjects: 0.167200 ms CreateObjectMapping: 0.028800 ms MarkObjects: 1.787600 ms  DeleteObjects: 0.072400 ms)

========================================================================
Received Prepare
Registering precompiled user dll's ...
Registered in 0.000755 seconds.
Begin MonoManager ReloadAssembly
Native extension for WindowsStandalone target not found
Refreshing native plugins compatible for Editor in 0.23 ms, found 0 plugins.
Preloading 0 native plugins for Editor in 0.00 ms.
Mono: successfully reloaded assembly
- Completed reload, in  1.045 seconds
Platform modules already initialized, skipping
Refreshing native plugins compatible for Editor in 0.23 ms, found 0 plugins.
Preloading 0 native plugins for Editor in 0.00 ms.
Unloading 1115 Unused Serialized files (Serialized files now loaded: 0)
System memory in use before: 60.5 MB.
System memory in use after: 60.6 MB.

Unloading 5 unused Assets to reduce memory usage. Loaded Objects now: 1589.
Total: 4.415600 ms (FindLiveObjects: 0.162700 ms CreateObjectMapping: 0.029500 ms MarkObjects: 4.153500 ms  DeleteObjects: 0.068400 ms)

========================================================================
Received Prepare
Registering precompiled user dll's ...
Registered in 0.000646 seconds.
Begin MonoManager ReloadAssembly
Native extension for WindowsStandalone target not found
Refreshing native plugins compatible for Editor in 0.25 ms, found 0 plugins.
Preloading 0 native plugins for Editor in 0.00 ms.
Mono: successfully reloaded assembly
- Completed reload, in  1.191 seconds
Platform modules already initialized, skipping
Refreshing native plugins compatible for Editor in 0.28 ms, found 0 plugins.
Preloading 0 native plugins for Editor in 0.00 ms.
Unloading 1115 Unused Serialized files (Serialized files now loaded: 0)
System memory in use before: 60.5 MB.
System memory in use after: 60.6 MB.

Unloading 5 unused Assets to reduce memory usage. Loaded Objects now: 1592.
Total: 5.920900 ms (FindLiveObjects: 0.190100 ms CreateObjectMapping: 0.036400 ms MarkObjects: 4.956200 ms  DeleteObjects: 0.736500 ms)

========================================================================
Received Prepare
Registering precompiled user dll's ...
Registered in 0.000725 seconds.
Begin MonoManager ReloadAssembly
Native extension for WindowsStandalone target not found
Refreshing native plugins compatible for Editor in 0.24 ms, found 0 plugins.
Preloading 0 native plugins for Editor in 0.00 ms.
Mono: successfully reloaded assembly
- Completed reload, in  1.050 seconds
Platform modules already initialized, skipping
Refreshing native plugins compatible for Editor in 0.24 ms, found 0 plugins.
Preloading 0 native plugins for Editor in 0.00 ms.
Unloading 1115 Unused Serialized files (Serialized files now loaded: 0)
System memory in use before: 60.5 MB.
System memory in use after: 60.6 MB.

Unloading 5 unused Assets to reduce memory usage. Loaded Objects now: 1595.
Total: 2.087800 ms (FindLiveObjects: 0.165100 ms CreateObjectMapping: 0.028700 ms MarkObjects: 1.820100 ms  DeleteObjects: 0.072400 ms)

========================================================================
Received Prepare
Registering precompiled user dll's ...
Registered in 0.007665 seconds.
Begin MonoManager ReloadAssembly
Native extension for WindowsStandalone target not found
Refreshing native plugins compatible for Editor in 0.26 ms, found 0 plugins.
Preloading 0 native plugins for Editor in 0.00 ms.
Mono: successfully reloaded assembly
- Completed reload, in  1.075 seconds
Platform modules already initialized, skipping
Refreshing native plugins compatible for Editor in 0.25 ms, found 0 plugins.
Preloading 0 native plugins for Editor in 0.00 ms.
Unloading 1115 Unused Serialized files (Serialized files now loaded: 0)
System memory in use before: 60.5 MB.
System memory in use after: 60.6 MB.

Unloading 5 unused Assets to reduce memory usage. Loaded Objects now: 1598.
Total: 2.125100 ms (FindLiveObjects: 0.181700 ms CreateObjectMapping: 0.034400 ms MarkObjects: 1.842400 ms  DeleteObjects: 0.064900 ms)

========================================================================
Received Prepare
Registering precompiled user dll's ...
Registered in 0.000742 seconds.
Begin MonoManager ReloadAssembly
Native extension for WindowsStandalone target not found
Refreshing native plugins compatible for Editor in 0.24 ms, found 0 plugins.
Preloading 0 native plugins for Editor in 0.00 ms.
Mono: successfully reloaded assembly
- Completed reload, in  1.068 seconds
Platform modules already initialized, skipping
Refreshing native plugins compatible for Editor in 0.24 ms, found 0 plugins.
Preloading 0 native plugins for Editor in 0.00 ms.
Unloading 1115 Unused Serialized files (Serialized files now loaded: 0)
System memory in use before: 60.5 MB.
System memory in use after: 60.6 MB.

Unloading 5 unused Assets to reduce memory usage. Loaded Objects now: 1601.
Total: 7.847300 ms (FindLiveObjects: 2.795900 ms CreateObjectMapping: 0.089700 ms MarkObjects: 4.885600 ms  DeleteObjects: 0.074500 ms)

========================================================================
Received Prepare
Registering precompiled user dll's ...
Registered in 0.000804 seconds.
Begin MonoManager ReloadAssembly
Native extension for WindowsStandalone target not found
Refreshing native plugins compatible for Editor in 0.27 ms, found 0 plugins.
Preloading 0 native plugins for Editor in 0.00 ms.
Mono: successfully reloaded assembly
- Completed reload, in  1.614 seconds
Platform modules already initialized, skipping
Refreshing native plugins compatible for Editor in 0.25 ms, found 0 plugins.
Preloading 0 native plugins for Editor in 0.00 ms.
Unloading 1115 Unused Serialized files (Serialized files now loaded: 0)
System memory in use before: 60.5 MB.
System memory in use after: 60.6 MB.

Unloading 5 unused Assets to reduce memory usage. Loaded Objects now: 1604.
Total: 4.858900 ms (FindLiveObjects: 1.869500 ms CreateObjectMapping: 0.062300 ms MarkObjects: 2.855900 ms  DeleteObjects: 0.067400 ms)

========================================================================
Received Prepare
Registering precompiled user dll's ...
Registered in 0.000644 seconds.
Begin MonoManager ReloadAssembly
Native extension for WindowsStandalone target not found
Refreshing native plugins compatible for Editor in 0.26 ms, found 0 plugins.
Preloading 0 native plugins for Editor in 0.00 ms.
Mono: successfully reloaded assembly
- Completed reload, in  1.080 seconds
Platform modules already initialized, skipping
Refreshing native plugins compatible for Editor in 0.24 ms, found 0 plugins.
Preloading 0 native plugins for Editor in 0.00 ms.
Unloading 1115 Unused Serialized files (Serialized files now loaded: 0)
System memory in use before: 60.6 MB.
System memory in use after: 60.6 MB.

Unloading 5 unused Assets to reduce memory usage. Loaded Objects now: 1607.
Total: 2.219500 ms (FindLiveObjects: 0.194300 ms CreateObjectMapping: 0.035300 ms MarkObjects: 1.920400 ms  DeleteObjects: 0.067700 ms)

========================================================================
Received Prepare
Registering precompiled user dll's ...
Registered in 0.000642 seconds.
Begin MonoManager ReloadAssembly
Native extension for WindowsStandalone target not found
Refreshing native plugins compatible for Editor in 0.38 ms, found 0 plugins.
Preloading 0 native plugins for Editor in 0.00 ms.
Mono: successfully reloaded assembly
- Completed reload, in  1.367 seconds
Platform modules already initialized, skipping
Refreshing native plugins compatible for Editor in 0.25 ms, found 0 plugins.
Preloading 0 native plugins for Editor in 0.00 ms.
Unloading 1115 Unused Serialized files (Serialized files now loaded: 0)
System memory in use before: 60.6 MB.
System memory in use after: 60.6 MB.

Unloading 5 unused Assets to reduce memory usage. Loaded Objects now: 1610.
Total: 2.365600 ms (FindLiveObjects: 0.185700 ms CreateObjectMapping: 0.035200 ms MarkObjects: 2.070800 ms  DeleteObjects: 0.072500 ms)

========================================================================
Received Prepare
Registering precompiled user dll's ...
Registered in 0.000639 seconds.
Begin MonoManager ReloadAssembly
Native extension for WindowsStandalone target not found
Refreshing native plugins compatible for Editor in 0.23 ms, found 0 plugins.
Preloading 0 native plugins for Editor in 0.00 ms.
Mono: successfully reloaded assembly
- Completed reload, in  1.002 seconds
Platform modules already initialized, skipping
Refreshing native plugins compatible for Editor in 0.25 ms, found 0 plugins.
Preloading 0 native plugins for Editor in 0.00 ms.
Unloading 1115 Unused Serialized files (Serialized files now loaded: 0)
System memory in use before: 60.6 MB.
System memory in use after: 60.6 MB.

Unloading 5 unused Assets to reduce memory usage. Loaded Objects now: 1613.
Total: 3.246900 ms (FindLiveObjects: 0.247100 ms CreateObjectMapping: 0.046400 ms MarkObjects: 2.879400 ms  DeleteObjects: 0.071800 ms)

========================================================================
Received Import Request.
  Time since last request: 529.749668 seconds.
  path: Assets/Materials/Player.mat
  artifactKey: Guid(9149fc928942da84b9121391a44381cd) Importer(815301076,1909f56bfc062723c751e8b465ee728b)
Start importing Assets/Materials/Player.mat using Guid(9149fc928942da84b9121391a44381cd) Importer(815301076,1909f56bfc062723c751e8b465ee728b)  -> (artifact id: 'eae56b195c1dc9df451323b345b9fddb') in 0.122540 seconds
  Import took 0.125123 seconds .

========================================================================
Received Prepare
Registering precompiled user dll's ...
Registered in 0.000646 seconds.
Begin MonoManager ReloadAssembly
Native extension for WindowsStandalone target not found
Refreshing native plugins compatible for Editor in 0.24 ms, found 0 plugins.
Preloading 0 native plugins for Editor in 0.00 ms.
Mono: successfully reloaded assembly
- Completed reload, in  1.001 seconds
Platform modules already initialized, skipping
Refreshing native plugins compatible for Editor in 0.26 ms, found 0 plugins.
Preloading 0 native plugins for Editor in 0.00 ms.
Unloading 1115 Unused Serialized files (Serialized files now loaded: 0)
System memory in use before: 60.8 MB.
System memory in use after: 60.9 MB.

Unloading 5 unused Assets to reduce memory usage. Loaded Objects now: 1650.
Total: 2.152400 ms (FindLiveObjects: 0.175100 ms CreateObjectMapping: 0.032600 ms MarkObjects: 1.882700 ms  DeleteObjects: 0.060600 ms)

========================================================================
Received Prepare
Registering precompiled user dll's ...
Registered in 0.000680 seconds.
Begin MonoManager ReloadAssembly
Native extension for WindowsStandalone target not found
Refreshing native plugins compatible for Editor in 0.25 ms, found 0 plugins.
Preloading 0 native plugins for Editor in 0.00 ms.
Mono: successfully reloaded assembly
- Completed reload, in  1.113 seconds
Platform modules already initialized, skipping
Refreshing native plugins compatible for Editor in 0.24 ms, found 0 plugins.
Preloading 0 native plugins for Editor in 0.00 ms.
Unloading 1115 Unused Serialized files (Serialized files now loaded: 0)
System memory in use before: 60.8 MB.
System memory in use after: 60.9 MB.

Unloading 5 unused Assets to reduce memory usage. Loaded Objects now: 1653.
Total: 2.120100 ms (FindLiveObjects: 0.189000 ms CreateObjectMapping: 0.037700 ms MarkObjects: 1.814700 ms  DeleteObjects: 0.076900 ms)

========================================================================
Received Prepare
Registering precompiled user dll's ...
Registered in 0.002474 seconds.
Begin MonoManager ReloadAssembly
Native extension for WindowsStandalone target not found
Refreshing native plugins compatible for Editor in 0.24 ms, found 0 plugins.
Preloading 0 native plugins for Editor in 0.00 ms.
Mono: successfully reloaded assembly
- Completed reload, in  0.997 seconds
Platform modules already initialized, skipping
Refreshing native plugins compatible for Editor in 0.26 ms, found 0 plugins.
Preloading 0 native plugins for Editor in 0.00 ms.
Unloading 1115 Unused Serialized files (Serialized files now loaded: 0)
System memory in use before: 60.8 MB.
System memory in use after: 60.9 MB.

Unloading 5 unused Assets to reduce memory usage. Loaded Objects now: 1656.
Total: 2.213200 ms (FindLiveObjects: 0.190800 ms CreateObjectMapping: 0.036000 ms MarkObjects: 1.909700 ms  DeleteObjects: 0.075000 ms)

========================================================================
Received Prepare
Registering precompiled user dll's ...
Registered in 0.000670 seconds.
Begin MonoManager ReloadAssembly
Native extension for WindowsStandalone target not found
Refreshing native plugins compatible for Editor in 0.29 ms, found 0 plugins.
Preloading 0 native plugins for Editor in 0.00 ms.
Mono: successfully reloaded assembly
- Completed reload, in  0.984 seconds
Platform modules already initialized, skipping
Refreshing native plugins compatible for Editor in 0.24 ms, found 0 plugins.
Preloading 0 native plugins for Editor in 0.00 ms.
Unloading 1115 Unused Serialized files (Serialized files now loaded: 0)
System memory in use before: 60.8 MB.
System memory in use after: 60.9 MB.

Unloading 5 unused Assets to reduce memory usage. Loaded Objects now: 1659.
Total: 4.270900 ms (FindLiveObjects: 0.202200 ms CreateObjectMapping: 0.041900 ms MarkObjects: 3.953500 ms  DeleteObjects: 0.071800 ms)

========================================================================
Received Prepare
Registering precompiled user dll's ...
Registered in 0.000646 seconds.
Begin MonoManager ReloadAssembly
Native extension for WindowsStandalone target not found
Refreshing native plugins compatible for Editor in 0.24 ms, found 0 plugins.
Preloading 0 native plugins for Editor in 0.00 ms.
Mono: successfully reloaded assembly
- Completed reload, in  1.112 seconds
Platform modules already initialized, skipping
Refreshing native plugins compatible for Editor in 0.24 ms, found 0 plugins.
Preloading 0 native plugins for Editor in 0.00 ms.
Unloading 1115 Unused Serialized files (Serialized files now loaded: 0)
System memory in use before: 60.8 MB.
System memory in use after: 60.9 MB.

Unloading 5 unused Assets to reduce memory usage. Loaded Objects now: 1662.
Total: 2.071400 ms (FindLiveObjects: 0.182100 ms CreateObjectMapping: 0.033600 ms MarkObjects: 1.784700 ms  DeleteObjects: 0.069500 ms)

========================================================================
Received Prepare
Registering precompiled user dll's ...
Registered in 0.000721 seconds.
Begin MonoManager ReloadAssembly
Native extension for WindowsStandalone target not found
Refreshing native plugins compatible for Editor in 0.26 ms, found 0 plugins.
Preloading 0 native plugins for Editor in 0.00 ms.
Mono: successfully reloaded assembly
- Completed reload, in  1.227 seconds
Platform modules already initialized, skipping
Refreshing native plugins compatible for Editor in 0.31 ms, found 0 plugins.
Preloading 0 native plugins for Editor in 0.00 ms.
Unloading 1115 Unused Serialized files (Serialized files now loaded: 0)
System memory in use before: 60.8 MB.
System memory in use after: 60.9 MB.

Unloading 5 unused Assets to reduce memory usage. Loaded Objects now: 1665.
Total: 1.880400 ms (FindLiveObjects: 0.196300 ms CreateObjectMapping: 0.038000 ms MarkObjects: 1.573700 ms  DeleteObjects: 0.071200 ms)

========================================================================
Received Prepare
Registering precompiled user dll's ...
Registered in 0.000768 seconds.
Begin MonoManager ReloadAssembly
Native extension for WindowsStandalone target not found
Refreshing native plugins compatible for Editor in 0.52 ms, found 0 plugins.
Preloading 0 native plugins for Editor in 0.00 ms.
Mono: successfully reloaded assembly
- Completed reload, in  1.129 seconds
Platform modules already initialized, skipping
Refreshing native plugins compatible for Editor in 0.33 ms, found 0 plugins.
Preloading 0 native plugins for Editor in 0.00 ms.
Unloading 1115 Unused Serialized files (Serialized files now loaded: 0)
System memory in use before: 60.8 MB.
System memory in use after: 60.9 MB.

Unloading 5 unused Assets to reduce memory usage. Loaded Objects now: 1668.
Total: 2.076500 ms (FindLiveObjects: 0.191500 ms CreateObjectMapping: 0.036100 ms MarkObjects: 1.763600 ms  DeleteObjects: 0.082800 ms)

========================================================================
Received Prepare
Registering precompiled user dll's ...
Registered in 0.000893 seconds.
Begin MonoManager ReloadAssembly
Native extension for WindowsStandalone target not found
Refreshing native plugins compatible for Editor in 0.24 ms, found 0 plugins.
Preloading 0 native plugins for Editor in 0.00 ms.
Mono: successfully reloaded assembly
- Completed reload, in  1.048 seconds
Platform modules already initialized, skipping
Refreshing native plugins compatible for Editor in 0.26 ms, found 0 plugins.
Preloading 0 native plugins for Editor in 0.00 ms.
Unloading 1115 Unused Serialized files (Serialized files now loaded: 0)
System memory in use before: 60.8 MB.
System memory in use after: 60.9 MB.

Unloading 5 unused Assets to reduce memory usage. Loaded Objects now: 1671.
Total: 2.624100 ms (FindLiveObjects: 0.193100 ms CreateObjectMapping: 0.031700 ms MarkObjects: 2.313400 ms  DeleteObjects: 0.084400 ms)

========================================================================
Received Prepare
Registering precompiled user dll's ...
Registered in 0.000650 seconds.
Begin MonoManager ReloadAssembly
Native extension for WindowsStandalone target not found
Refreshing native plugins compatible for Editor in 0.26 ms, found 0 plugins.
Preloading 0 native plugins for Editor in 0.00 ms.
Mono: successfully reloaded assembly
- Completed reload, in  1.083 seconds
Platform modules already initialized, skipping
Refreshing native plugins compatible for Editor in 0.24 ms, found 0 plugins.
Preloading 0 native plugins for Editor in 0.00 ms.
Unloading 1115 Unused Serialized files (Serialized files now loaded: 0)
System memory in use before: 60.8 MB.
System memory in use after: 60.9 MB.

Unloading 5 unused Assets to reduce memory usage. Loaded Objects now: 1674.
Total: 2.316000 ms (FindLiveObjects: 0.336900 ms CreateObjectMapping: 0.036900 ms MarkObjects: 1.869400 ms  DeleteObjects: 0.071400 ms)

========================================================================
Received Prepare
Registering precompiled user dll's ...
Registered in 0.000686 seconds.
Begin MonoManager ReloadAssembly
Native extension for WindowsStandalone target not found
Refreshing native plugins compatible for Editor in 0.24 ms, found 0 plugins.
Preloading 0 native plugins for Editor in 0.00 ms.
Mono: successfully reloaded assembly
- Completed reload, in  1.087 seconds
Platform modules already initialized, skipping
Refreshing native plugins compatible for Editor in 0.23 ms, found 0 plugins.
Preloading 0 native plugins for Editor in 0.00 ms.
Unloading 1115 Unused Serialized files (Serialized files now loaded: 0)
System memory in use before: 60.8 MB.
System memory in use after: 60.9 MB.

Unloading 5 unused Assets to reduce memory usage. Loaded Objects now: 1677.
Total: 2.110900 ms (FindLiveObjects: 0.190400 ms CreateObjectMapping: 0.037300 ms MarkObjects: 1.816800 ms  DeleteObjects: 0.064800 ms)

========================================================================
Received Prepare
Registering precompiled user dll's ...
Registered in 0.000938 seconds.
Begin MonoManager ReloadAssembly
Native extension for WindowsStandalone target not found
Refreshing native plugins compatible for Editor in 0.27 ms, found 0 plugins.
Preloading 0 native plugins for Editor in 0.00 ms.
Mono: successfully reloaded assembly
- Completed reload, in  1.141 seconds
Platform modules already initialized, skipping
Refreshing native plugins compatible for Editor in 0.26 ms, found 0 plugins.
Preloading 0 native plugins for Editor in 0.00 ms.
Unloading 1115 Unused Serialized files (Serialized files now loaded: 0)
System memory in use before: 60.8 MB.
System memory in use after: 60.9 MB.

Unloading 5 unused Assets to reduce memory usage. Loaded Objects now: 1680.
Total: 2.786000 ms (FindLiveObjects: 0.176200 ms CreateObjectMapping: 0.032900 ms MarkObjects: 2.514400 ms  DeleteObjects: 0.061100 ms)

========================================================================
Received Import Request.
  Time since last request: 1152.118865 seconds.
  path: Assets/Prefab/Panzer.prefab
  artifactKey: Guid(b78bf6969bc3e6e4a9969022c5c35960) Importer(815301076,1909f56bfc062723c751e8b465ee728b)
Start importing Assets/Prefab/Panzer.prefab using Guid(b78bf6969bc3e6e4a9969022c5c35960) Importer(815301076,1909f56bfc062723c751e8b465ee728b)  -> (artifact id: '1447fb3f61b823212e97631592303df7') in 0.097686 seconds
  Import took 0.101037 seconds .

========================================================================
Received Import Request.
  Time since last request: 4.371732 seconds.
  path: Assets/Prefab/Panzer.prefab
  artifactKey: Guid(b78bf6969bc3e6e4a9969022c5c35960) Importer(815301076,1909f56bfc062723c751e8b465ee728b)
Start importing Assets/Prefab/Panzer.prefab using Guid(b78bf6969bc3e6e4a9969022c5c35960) Importer(815301076,1909f56bfc062723c751e8b465ee728b)  -> (artifact id: '1732607e20187b09c4cbb2a21b4589de') in 0.012667 seconds
  Import took 0.015250 seconds .

========================================================================
Received Prepare
Registering precompiled user dll's ...
Registered in 0.000657 seconds.
Begin MonoManager ReloadAssembly
Native extension for WindowsStandalone target not found
Refreshing native plugins compatible for Editor in 0.24 ms, found 0 plugins.
Preloading 0 native plugins for Editor in 0.00 ms.
Mono: successfully reloaded assembly
- Completed reload, in  1.075 seconds
Platform modules already initialized, skipping
Refreshing native plugins compatible for Editor in 0.27 ms, found 0 plugins.
Preloading 0 native plugins for Editor in 0.00 ms.
Unloading 1115 Unused Serialized files (Serialized files now loaded: 0)
System memory in use before: 60.8 MB.
System memory in use after: 60.9 MB.

Unloading 5 unused Assets to reduce memory usage. Loaded Objects now: 1684.
Total: 2.133200 ms (FindLiveObjects: 0.181700 ms CreateObjectMapping: 0.033400 ms MarkObjects: 1.855900 ms  DeleteObjects: 0.060300 ms)

========================================================================
Received Import Request.
  Time since last request: 248.240400 seconds.
  path: Assets/Prefab/Panzer.prefab
  artifactKey: Guid(b78bf6969bc3e6e4a9969022c5c35960) Importer(815301076,1909f56bfc062723c751e8b465ee728b)
Start importing Assets/Prefab/Panzer.prefab using Guid(b78bf6969bc3e6e4a9969022c5c35960) Importer(815301076,1909f56bfc062723c751e8b465ee728b)  -> (artifact id: 'e428182625ea73e958ce55b91e1b2f8d') in 0.098611 seconds
  Import took 0.103043 seconds .

========================================================================
Received Prepare
Registering precompiled user dll's ...
Registered in 0.000663 seconds.
Begin MonoManager ReloadAssembly
Native extension for WindowsStandalone target not found
Refreshing native plugins compatible for Editor in 0.25 ms, found 0 plugins.
Preloading 0 native plugins for Editor in 0.00 ms.
Mono: successfully reloaded assembly
- Completed reload, in  1.202 seconds
Platform modules already initialized, skipping
Refreshing native plugins compatible for Editor in 0.23 ms, found 0 plugins.
Preloading 0 native plugins for Editor in 0.00 ms.
Unloading 1115 Unused Serialized files (Serialized files now loaded: 0)
System memory in use before: 60.9 MB.
System memory in use after: 60.9 MB.

Unloading 5 unused Assets to reduce memory usage. Loaded Objects now: 1688.
Total: 2.660300 ms (FindLiveObjects: 0.264100 ms CreateObjectMapping: 0.041100 ms MarkObjects: 2.278700 ms  DeleteObjects: 0.074700 ms)

========================================================================
Received Prepare
Registering precompiled user dll's ...
Registered in 0.000865 seconds.
Begin MonoManager ReloadAssembly
Native extension for WindowsStandalone target not found
Refreshing native plugins compatible for Editor in 0.25 ms, found 0 plugins.
Preloading 0 native plugins for Editor in 0.00 ms.
Mono: successfully reloaded assembly
- Completed reload, in  0.973 seconds
Platform modules already initialized, skipping
Refreshing native plugins compatible for Editor in 0.31 ms, found 0 plugins.
Preloading 0 native plugins for Editor in 0.00 ms.
Unloading 1115 Unused Serialized files (Serialized files now loaded: 0)
System memory in use before: 60.9 MB.
System memory in use after: 60.9 MB.

Unloading 5 unused Assets to reduce memory usage. Loaded Objects now: 1691.
Total: 1.993000 ms (FindLiveObjects: 0.198400 ms CreateObjectMapping: 0.034300 ms MarkObjects: 1.683500 ms  DeleteObjects: 0.075100 ms)

========================================================================
Received Prepare
Registering precompiled user dll's ...
Registered in 0.000649 seconds.
Begin MonoManager ReloadAssembly
Native extension for WindowsStandalone target not found
Refreshing native plugins compatible for Editor in 0.24 ms, found 0 plugins.
Preloading 0 native plugins for Editor in 0.00 ms.
Mono: successfully reloaded assembly
- Completed reload, in  1.005 seconds
Platform modules already initialized, skipping
Refreshing native plugins compatible for Editor in 0.27 ms, found 0 plugins.
Preloading 0 native plugins for Editor in 0.00 ms.
Unloading 1115 Unused Serialized files (Serialized files now loaded: 0)
System memory in use before: 60.9 MB.
System memory in use after: 60.9 MB.

Unloading 5 unused Assets to reduce memory usage. Loaded Objects now: 1694.
Total: 2.242000 ms (FindLiveObjects: 0.178800 ms CreateObjectMapping: 0.029400 ms MarkObjects: 1.967300 ms  DeleteObjects: 0.065100 ms)

========================================================================
Received Prepare
Registering precompiled user dll's ...
Registered in 0.000855 seconds.
Begin MonoManager ReloadAssembly
Native extension for WindowsStandalone target not found
Refreshing native plugins compatible for Editor in 0.23 ms, found 0 plugins.
Preloading 0 native plugins for Editor in 0.00 ms.
Mono: successfully reloaded assembly
- Completed reload, in  0.995 seconds
Platform modules already initialized, skipping
Refreshing native plugins compatible for Editor in 0.24 ms, found 0 plugins.
Preloading 0 native plugins for Editor in 0.00 ms.
Unloading 1115 Unused Serialized files (Serialized files now loaded: 0)
System memory in use before: 60.9 MB.
System memory in use after: 60.9 MB.

Unloading 5 unused Assets to reduce memory usage. Loaded Objects now: 1697.
Total: 2.298800 ms (FindLiveObjects: 0.199100 ms CreateObjectMapping: 0.036400 ms MarkObjects: 1.994800 ms  DeleteObjects: 0.067400 ms)

========================================================================
Received Prepare
Registering precompiled user dll's ...
Registered in 0.000815 seconds.
Begin MonoManager ReloadAssembly
Native extension for WindowsStandalone target not found
Refreshing native plugins compatible for Editor in 0.27 ms, found 0 plugins.
Preloading 0 native plugins for Editor in 0.00 ms.
Mono: successfully reloaded assembly
- Completed reload, in  1.321 seconds
Platform modules already initialized, skipping
Refreshing native plugins compatible for Editor in 0.25 ms, found 0 plugins.
Preloading 0 native plugins for Editor in 0.00 ms.
Unloading 1115 Unused Serialized files (Serialized files now loaded: 0)
System memory in use before: 60.9 MB.
System memory in use after: 60.9 MB.

Unloading 5 unused Assets to reduce memory usage. Loaded Objects now: 1700.
Total: 7.602300 ms (FindLiveObjects: 0.308100 ms CreateObjectMapping: 0.043100 ms MarkObjects: 7.154000 ms  DeleteObjects: 0.094300 ms)

========================================================================
Received Prepare
Registering precompiled user dll's ...
Registered in 0.000781 seconds.
Begin MonoManager ReloadAssembly
Native extension for WindowsStandalone target not found
Refreshing native plugins compatible for Editor in 0.28 ms, found 0 plugins.
Preloading 0 native plugins for Editor in 0.00 ms.
Mono: successfully reloaded assembly
- Completed reload, in  1.024 seconds
Platform modules already initialized, skipping
Refreshing native plugins compatible for Editor in 0.24 ms, found 0 plugins.
Preloading 0 native plugins for Editor in 0.00 ms.
Unloading 1115 Unused Serialized files (Serialized files now loaded: 0)
System memory in use before: 60.9 MB.
System memory in use after: 61.0 MB.

Unloading 5 unused Assets to reduce memory usage. Loaded Objects now: 1703.
Total: 2.050200 ms (FindLiveObjects: 0.223900 ms CreateObjectMapping: 0.037600 ms MarkObjects: 1.723400 ms  DeleteObjects: 0.064000 ms)

========================================================================
Received Prepare
Registering precompiled user dll's ...
Registered in 0.000911 seconds.
Begin MonoManager ReloadAssembly
Native extension for WindowsStandalone target not found
Refreshing native plugins compatible for Editor in 0.29 ms, found 0 plugins.
Preloading 0 native plugins for Editor in 0.00 ms.
Mono: successfully reloaded assembly
- Completed reload, in  1.106 seconds
Platform modules already initialized, skipping
Refreshing native plugins compatible for Editor in 0.30 ms, found 0 plugins.
Preloading 0 native plugins for Editor in 0.00 ms.
Unloading 1115 Unused Serialized files (Serialized files now loaded: 0)
System memory in use before: 60.9 MB.
System memory in use after: 61.0 MB.

Unloading 5 unused Assets to reduce memory usage. Loaded Objects now: 1706.
Total: 2.211400 ms (FindLiveObjects: 0.175500 ms CreateObjectMapping: 0.029200 ms MarkObjects: 1.936600 ms  DeleteObjects: 0.068800 ms)

========================================================================
Received Import Request.
  Time since last request: 438.705906 seconds.
  path: Assets/Prefab/Panzer.prefab
  artifactKey: Guid(b78bf6969bc3e6e4a9969022c5c35960) Importer(815301076,1909f56bfc062723c751e8b465ee728b)
Start importing Assets/Prefab/Panzer.prefab using Guid(b78bf6969bc3e6e4a9969022c5c35960) Importer(815301076,1909f56bfc062723c751e8b465ee728b)  -> (artifact id: '5b666bcd3eb4b197a4e782c1bec001f3') in 0.089153 seconds
  Import took 0.091912 seconds .

========================================================================
Received Prepare
Registering precompiled user dll's ...
Registered in 0.000753 seconds.
Begin MonoManager ReloadAssembly
Native extension for WindowsStandalone target not found
Refreshing native plugins compatible for Editor in 0.25 ms, found 0 plugins.
Preloading 0 native plugins for Editor in 0.00 ms.
Mono: successfully reloaded assembly
- Completed reload, in  1.054 seconds
Platform modules already initialized, skipping
Refreshing native plugins compatible for Editor in 0.23 ms, found 0 plugins.
Preloading 0 native plugins for Editor in 0.00 ms.
Unloading 1115 Unused Serialized files (Serialized files now loaded: 0)
System memory in use before: 60.9 MB.
System memory in use after: 61.0 MB.

Unloading 5 unused Assets to reduce memory usage. Loaded Objects now: 1710.
Total: 2.225200 ms (FindLiveObjects: 0.201000 ms CreateObjectMapping: 0.040600 ms MarkObjects: 1.914400 ms  DeleteObjects: 0.067700 ms)

========================================================================
Received Prepare
Registering precompiled user dll's ...
Registered in 0.000666 seconds.
Begin MonoManager ReloadAssembly
Native extension for WindowsStandalone target not found
Refreshing native plugins compatible for Editor in 0.25 ms, found 0 plugins.
Preloading 0 native plugins for Editor in 0.00 ms.
Mono: successfully reloaded assembly
- Completed reload, in  0.997 seconds
Platform modules already initialized, skipping
Refreshing native plugins compatible for Editor in 0.24 ms, found 0 plugins.
Preloading 0 native plugins for Editor in 0.00 ms.
Unloading 1115 Unused Serialized files (Serialized files now loaded: 0)
System memory in use before: 60.9 MB.
System memory in use after: 61.0 MB.

Unloading 5 unused Assets to reduce memory usage. Loaded Objects now: 1713.
Total: 2.315700 ms (FindLiveObjects: 0.206800 ms CreateObjectMapping: 0.035300 ms MarkObjects: 2.005600 ms  DeleteObjects: 0.066400 ms)

========================================================================
Received Prepare
Registering precompiled user dll's ...
Registered in 0.000679 seconds.
Begin MonoManager ReloadAssembly
Native extension for WindowsStandalone target not found
Refreshing native plugins compatible for Editor in 0.36 ms, found 0 plugins.
Preloading 0 native plugins for Editor in 0.00 ms.
Mono: successfully reloaded assembly
- Completed reload, in  1.176 seconds
Platform modules already initialized, skipping
Refreshing native plugins compatible for Editor in 0.28 ms, found 0 plugins.
Preloading 0 native plugins for Editor in 0.00 ms.
Unloading 1115 Unused Serialized files (Serialized files now loaded: 0)
System memory in use before: 60.9 MB.
System memory in use after: 61.0 MB.

Unloading 5 unused Assets to reduce memory usage. Loaded Objects now: 1716.
Total: 2.514200 ms (FindLiveObjects: 0.188900 ms CreateObjectMapping: 0.034700 ms MarkObjects: 2.196300 ms  DeleteObjects: 0.092800 ms)

========================================================================
Received Prepare
Registering precompiled user dll's ...
Registered in 0.000691 seconds.
Begin MonoManager ReloadAssembly
Native extension for WindowsStandalone target not found
Refreshing native plugins compatible for Editor in 0.23 ms, found 0 plugins.
Preloading 0 native plugins for Editor in 0.00 ms.
Mono: successfully reloaded assembly
- Completed reload, in  0.970 seconds
Platform modules already initialized, skipping
Refreshing native plugins compatible for Editor in 0.24 ms, found 0 plugins.
Preloading 0 native plugins for Editor in 0.00 ms.
Unloading 1115 Unused Serialized files (Serialized files now loaded: 0)
System memory in use before: 60.9 MB.
System memory in use after: 61.0 MB.

Unloading 5 unused Assets to reduce memory usage. Loaded Objects now: 1719.
Total: 2.164000 ms (FindLiveObjects: 0.237700 ms CreateObjectMapping: 0.041200 ms MarkObjects: 1.817500 ms  DeleteObjects: 0.066300 ms)

